<?xml version="1.0" encoding="UTF-8"?>
<testsuite name="FakerRegistrationTest" tests="1" skipped="0" failures="0" errors="0" timestamp="2023-03-26T17:47:45" hostname="DESKTOP-L7MPK2K" time="7.984">
  <properties/>
  <testcase name="toolsQaForm()" classname="FakerRegistrationTest" time="7.984"/>
  <system-out><![CDATA[]]></system-out>
  <system-err><![CDATA[Starting ChromeDriver 111.0.5563.64 (c710e93d5b63b7095afe8c2c17df34408078439d-refs/branch-heads/5563@{#995}) on port 15833
Only local connections are allowed.
Please see https://chromedriver.chromium.org/security-considerations for suggestions on keeping ChromeDriver safe.
ChromeDriver was started successfully.
мар. 26, 2023 8:47:49 PM org.openqa.selenium.devtools.CdpVersionFinder findNearestMatch
WARNING: Unable to find an exact match for CDP version 111, so returning the closest version found: 110
]]></system-err>
</testsuite>
